===========================
Wed Aug  9 18:55:34 UTC 2023
墙外	69	0	https://free.jingfu.cf/clash/proxies
墙内	643	0	https://free.iam7.tk/clash/proxies
墙外	81	0	https://proxy.crazygeeky.com/clash/proxies
墙外	203	0	https://proxy.yugogo.xyz/clash/proxies
墙内	8	0	https://free.dsdog.tk/clash/proxies
墙内	40	0	https://sub.pmsub.me/clash.yaml
墙内	50	0	https://raw.githubusercontent.com/zhou-jian-qq/clashFreeNode/main/clashNode.yaml
墙外	33	0	https://raw.githubusercontent.com/ermaozi/get_subscribe/main/subscribe/v2ray.txt
墙外	59	0	https://raw.githubusercontent.com/sanzhang007/node_free/main/clash.yaml
墙外	231	0	https://raw.githubusercontent.com/chfchf0306/jeidian4.18/main/4.18
墙外	161	0	https://raw.githubusercontent.com/xiyaowong/freeFQ/main/v2ray
墙外	8	0	https://raw.githubusercontent.com/learnhard-cn/free_proxy_ss/main/free
墙外	273	0	https://raw.githubusercontent.com/freenodes/freenodes/main/clash.yaml
墙外	50	0	https://raw.githubusercontent.com/openRunner/clash-freenode/main/clash.yaml
墙外	38	0	https://raw.githubusercontent.com/ssrsub/ssr/master/V2Ray
墙外	102	0	https://raw.githubusercontent.com/ssrsub/ssr/master/ss-sub
墙外	7	0	https://raw.githubusercontent.com/ssrsub/ssr/master/ssrsub
墙外	52	0	https://raw.githubusercontent.com/ssrsub/ssr/master/trojan
墙外	497	0	https://raw.githubusercontent.com/Leon406/SubCrawler/main/sub/share/all3
墙外	628	0	https://raw.githubusercontent.com/tbbatbb/Proxy/master/dist/v2ray.config.txt
墙外	24	0	https://raw.githubusercontent.com/aiboboxx/clashfree/main/clash.yml
墙内	16	0	https://sub.sharecentre.online/sub
墙外	10	0	https://raw.githubusercontent.com/freefq/free/master/v2
墙外	6629	0	https://raw.githubusercontent.com/mahdibland/SSAggregator/master/sub/sub_merge_yaml.yml
墙外	2	0	https://raw.githubusercontent.com/Jsnzkpg/Jsnzkpg/Jsnzkpg/Jsnzkpg
墙外	11	0	https://raw.githubusercontent.com/Pawdroid/Free-servers/main/sub
墙外	1	0	https://raw.githubusercontent.com/Rokate/Proxy-Sub/main/clash/clash_ssr.yml
墙外	18	0	https://raw.githubusercontent.com/Rokate/Proxy-Sub/main/clash/clash_trojan.yml
墙外	40	0	https://raw.githubusercontent.com/Rokate/Proxy-Sub/main/clash/clash_v2ray.yml
墙外	133	0	https://raw.githubusercontent.com/misersun/config003/main/config_all.yaml
墙外	217	0	https://raw.githubusercontent.com/mfuu/v2ray/master/clash.yaml
墙外	654	0	https://raw.githubusercontent.com/yaney01/Yaney01/main/yaney_01
墙外	621	0	https://raw.githubusercontent.com/YasserDivaR/pr0xy/main/winformClash.yaml
墙外	354	0	https://raw.githubusercontent.com/peasoft/NoMoreWalls/master/list.yml
墙外	73	0	https://raw.githubusercontent.com/ronghuaxueleng/get_v2/main/pub/combine.yaml
墙外	2191	3	https://raw.githubusercontent.com/AzadNetCH/Clash/main/AzadNet.yml
墙外	12	0	https://raw.githubusercontent.com/jikelonglie/meskell/main/meskell
墙外	41	0	https://raw.githubusercontent.com/freebaipiao/freebaipiao/main/freebaipiao.yaml
墙内	183	0	https://bitbucket.org/huwo1/proxy_nodes/raw/f31ca9ec67b84071515729ff45b011b6b09c10f2/proxy.md
墙外	30	0	https://raw.githubusercontent.com/lisylva-lee/v2dyku/main/v2dy
墙外	4	0	https://raw.githubusercontent.com/lisylva-lee/v2dyku/main/ssr
墙外	35	0	https://raw.githubusercontent.com/budamu/clashconfig/main/clash.yaml
墙外	12	0	https://raw.githubusercontent.com/MOnday9907/v2ray/main/v2ray.txt
墙内	16	0	https://raw.githubusercontent.com/adminaliang/v2ray/main/v2ray
墙内	108	0	https://raw.githubusercontent.com/Jia-Pingwa/free-v2ray-merge/main/output.txt
墙内	32	0	https://raw.githubusercontent.com/Lewis-1217/FreeNodes/main/bpjzx2
墙内	36	0	https://raw.githubusercontent.com/SnapdragonLee/SystemProxy/master/dist/clash_config.yaml
墙外	27	0	https://jiang.netlify.app
墙外	39	0	https://iwxf.netlify.app
墙外	7	0	https://youlianboshi.netlify.app
墙外	1	0	https://qiaomenzhuanfx.netlify.app
墙外	12	0	https://anzhuohezi-welcome-you.netlify.app
墙外	20	0	https://muma16fx.netlify.app
墙外	11	0	https://hyt-allen-xu.netlify.app
墙内	4	0	https://fforever.github.io/v2rayfree
墙内	43	0	https://raw.githubusercontent.com/codingbox/Free-Node-Merge/main/node.txt
墙内	38	0	https://raw.githubusercontent.com/ssrsub/ssr/master/Clash.yml
墙内	5	0	https://raw.githubusercontent.com/UmeLabs/node.umelabs.dev/master/Subscribe/v2ray.md
墙内	5	0	https://raw.githubusercontent.com/voken1/AutoSSR/master/stable
墙内	8	0	https://raw.githubusercontent.com/voken1/AutoSSR/master/online
墙内	11	0	https://raw.githubusercontent.com/voken1/AutoSSR/master/recent
墙内	2	0	https://raw.githubusercontent.com/bingshengyang/ssr2/master/a.html
墙内	71	0	https://raw.githubusercontent.com/adiwzx/freenode/main/adispeed.yml
墙内	51	0	http://d.zaix.ru/nbhA.txt
墙外	2346	0	http://d.zaix.ru/nbhn.txt
墙内	3085	0	http://d.zaix.ru/nbhq.txt
墙内	468	0	http://d.zaix.ru/nbhx.txt
墙内	549	0	http://d.zaix.ru/nbLm.txt
墙外	214	0	http://d.zaix.ru/ncBp.txt
墙内	111	0	https://raw.githubusercontent.com/ts-sf/fly/main/v2
墙内	629	0	https://raw.githubusercontent.com/vveg26/get_proxy/main/dist/clash.config.yaml
墙内	301	1	https://raw.githubusercontent.com/Leon406/SubCrawler/main/sub/share/vless
墙内	60	0	https://raw.githubusercontent.com/mahdibland/SSAggregator/master/sub/airport_merge_yaml.yml
墙内	24	0	https://raw.githubusercontent.com/yaney01/Yaney01/main/temporary
墙内	346	2	https://raw.githubusercontent.com/YasserDivaR/pr0xy/main/ShadowSocks2021.txt
墙内	37	0	https://raw.githubusercontent.com/ronghuaxueleng/get_v2/main/pub/changfengoss.yaml
墙内	99	0	https://raw.githubusercontent.com/anaer/Sub/main/clash.yaml
墙内	3	0	https://raw.githubusercontent.com/wrfree/free/main/ssr
墙内	51	0	https://raw.githubusercontent.com/wrfree/free/main/v2
墙外	395	0	https://github.com/snakem982/proxypool/archive/refs/heads/main.zip
墙内	9	0	https://raw.githubusercontent.com/shijinsu/myown/master/c.txt
墙内	2	0	https://raw.githubusercontent.com/shijinsu/myown/master/v.txt
墙内	267	0	https://raw.githubusercontent.com/RescueNet/TelegramFreeServer/main/base64/checked
墙内	1259	36	https://raw.githubusercontent.com/RescueNet/TelegramFreeServer/main/base64/reality
墙内	4	0	https://raw.githubusercontent.com/RescueNet/TelegramFreeServer/main/others/cloudflare/base64/cf_original_computer
墙内	50	0	https://raw.githubusercontent.com/YaChengMu/my_clash_url/main/clashNode.yaml
墙内	50	0	https://raw.githubusercontent.com/YaChengMu/my_clash_url/main/v2rayShare.yaml
墙内	2800	2	https://raw.githubusercontent.com/baipiao250/HigeFreeProxies/master/sub/sub_merge_base64.txt
墙内	999	3	https://raw.githubusercontent.com/LonUp/NodeList/main/Clash/Node/Latest.yaml
墙内	53	0	https://raw.githubusercontent.com/kazabelica/Optimized-Server-List/main/ping-all.yaml
墙内	110	0	https://raw.githubusercontent.com/zxgs/xx/main/Ch.yml
墙内	50	0	https://raw.githubusercontent.com/isOllie/test_pub/main/my_club.yaml
墙内	30	0	https://raw.githubusercontent.com/hkaa0/permalink/main/proxy/clash
墙内	10	0	https://raw.githubusercontent.com/wyq00000/test/main/data/test1
墙内	55	0	https://raw.githubusercontent.com/a313132121/v2rayn/main/everydaynode
墙内	17	0	https://raw.githubusercontent.com/urcheng/v2wrc/main/clash
墙内	50	0	https://raw.githubusercontent.com/tiddlerhxy/test/master/freenode.yml
墙内	10	0	https://raw.githubusercontent.com/Heart-Stealer/myclash/main/clash.yaml
墙内	80	0	https://raw.githubusercontent.com/3aTST/MD/main/clash
墙内	9	0	https://raw.githubusercontent.com/ww3087966946/c-/main/clash/all.yaml
墙内	79	0	https://raw.githubusercontent.com/zhangkaiitugithub/passcro/main/speednodes.yaml
墙内	335	0	https://raw.githubusercontent.com/luxl-1379/merge/master/sub/sub_merge.txt
墙内	347	0	https://raw.githubusercontent.com/gffice/runproxypool123/master/docs/clash/proxies
墙内	7	0	https://raw.githubusercontent.com/SC-KB120301/yml/main/config.yaml
墙内	50	0	https://raw.githubusercontent.com/Jetereting/github-hosts/master/clash.yaml
墙内	62	0	https://raw.githubusercontent.com/xbuffer/ClashData/main/Eternity.yaml
墙内	140	0	https://raw.githubusercontent.com/suweisheng/test/main/clash.yaml
墙内	50	0	https://raw.githubusercontent.com/ffi-pub/actions/main/day.yaml
墙外	140	0	https://raw.githubusercontent.com/rxsweet/proxies/main/sub/free.yaml
墙内	133	0	https://raw.githubusercontent.com/w1770946466/Auto_proxy/main/output.yaml
墙内	199	0	https://raw.githubusercontent.com/Airuop/cross/master/Eternity
墙内	64	1	https://raw.githubusercontent.com/sun9426/sun9426.github.io/main/subscribe/Clash.yaml
墙外	62	0	https://raw.githubusercontent.com/yukikazemiyuki/dingyue/main/clash.yaml
墙外	138	0	https://raw.githubusercontent.com/HakurouKen/free-node/main/public
墙外	1846	1	https://raw.githubusercontent.com/mahdi8492/configs/master/clash.yaml
墙外	60	0	https://raw.githubusercontent.com/free18/v2ray/main/Clash.yaml
墙内	22	0	https://raw.githubusercontent.com/Alvin9999/pac2/master/clash/config.yaml
墙外	18	0	https://raw.githubusercontent.com/baip01/clash/main/clash
墙外	33	0	https://raw.githubusercontent.com/ermaozi01/free_clash_vpn/main/subscribe/v2ray.txt
墙外	441	0	https://raw.githubusercontent.com/a2470982985/getNode/main/clash.yaml
墙外	7	0	https://raw.githubusercontent.com/ibmv2yes/clash/main/clash.yml
墙内	49	0	https://www.megaproxylist.net/
墙外	500	0	https://proxy50-50.blogspot.com/
墙外	210	0	https://www.my-proxy.com/
墙外	700	0	https://free-proxy-list.net/
墙内	580	0	https://premiumproxy.net/
墙内	32	0	https://proxydb.net/
墙内	802	0	https://proxy-daily.com/
墙内	335	0	https://www.proxyscan.io/
墙内	192	0	https://www.proxy-list.download/
墙外	347	0	https://proxyscrape.com/
墙内	475	0	https://www.proxylistplus.com/
墙内	499	0	https://proxypool.link/clash/proxies
墙内	48	0	http://123.lcq25938.top:9080/clash/proxies
墙外	159	1	https://raw.githubusercontent.com/ZywChannel/free/main/sub
墙外	152	0	https://raw.githubusercontent.com/mianfeifq/share/main/README.md
墙外	72	0	https://raw.githubusercontent.com/abshare/abshare.github.io/main/README.md
墙外	72	0	https://raw.githubusercontent.com/mksshare/mksshare.github.io/main/README.md
墙外	55	12	https://raw.githubusercontent.com/tolinkshare/freenode/main/README.md
墙外	4	0	https://raw.githubusercontent.com/githubvpn007/v2rayNvpn/main/README.md
墙外	33	0	https://raw.githubusercontent.com/iosoledad/soledadys/main/Azure.Aws.vmess/Azure.Aws.clash/Aws.yaml
无效	https://raw.githubusercontent.com/iosoledad/soledadys/main/vless/Toy.vless/Toy.clash/Toy.yaml
墙外	15	0	https://raw.githubusercontent.com/ripaojiedian/freenode/main/clash
无效	https://raw.githubusercontent.com/CHNJohnHK/proxy/main/sub/playmcbk.yaml
墙外	1633	1	https://github.com/lflflf999/0516/archive/refs/heads/main.zip
